# JRE version: OpenJDK Runtime Environment (17.0.11) (build 17.0.11+0--11852314)
# Java VM: OpenJDK 64-Bit Server VM (17.0.11+0--11852314, mixed mode, tiered, compressed oops, compressed class ptrs, g1 gc, windows-amd64)
GC Precious Log:
 CPUs: 8 total, 8 available
 Memory: 7918M
 Large Page Support: Disabled
 NUMA Support: Disabled
 Compressed Oops: Enabled (32-bit)
 Heap Region Size: 1M
 Heap Min Capacity: 8M
 Heap Initial Capacity: 124M
 Heap Max Capacity: 2G
 Pre-touch: Disabled
 Parallel Workers: 8
 Concurrent Workers: 2
 Concurrent Refinement Workers: 8
 Periodic GC: Disabled
Heap:
 garbage-first heap   total 187392K, used 94663K [0x0000000080000000, 0x0000000100000000)
  region size 1024K, 9 young (9216K), 9 survivors (9216K)
 Metaspace       used 102804K, committed 103616K, reserved 1179648K
  class space    used 14164K, committed 14592K, reserved 1048576K
GC Heap History (20 events):
Event: 7.569 GC heap after
{Heap after GC invocations=27 (full 0):
 garbage-first heap   total 103424K, used 56363K [0x0000000080000000, 0x0000000100000000)
  region size 1024K, 1 young (1024K), 1 survivors (1024K)
 Metaspace       used 66328K, committed 67008K, reserved 1114112K
  class space    used 8958K, committed 9280K, reserved 1048576K
}
Event: 7.844 GC heap before
{Heap before GC invocations=27 (full 0):
 garbage-first heap   total 103424K, used 88107K [0x0000000080000000, 0x0000000100000000)
  region size 1024K, 27 young (27648K), 1 survivors (1024K)
 Metaspace       used 68641K, committed 69312K, reserved 1114112K
  class space    used 9255K, committed 9600K, reserved 1048576K
}
Event: 7.848 GC heap after
{Heap after GC invocations=28 (full 0):
 garbage-first heap   total 187392K, used 61092K [0x0000000080000000, 0x0000000100000000)
  region size 1024K, 4 young (4096K), 4 survivors (4096K)
 Metaspace       used 68641K, committed 69312K, reserved 1114112K
  class space    used 9255K, committed 9600K, reserved 1048576K
}
Event: 8.639 GC heap before
{Heap before GC invocations=29 (full 0):
 garbage-first heap   total 187392K, used 137892K [0x0000000080000000, 0x0000000100000000)
  region size 1024K, 80 young (81920K), 4 survivors (4096K)
 Metaspace       used 75240K, committed 75904K, reserved 1179648K
  class space    used 10168K, committed 10496K, reserved 1048576K
}
Event: 8.646 GC heap after
{Heap after GC invocations=30 (full 0):
 garbage-first heap   total 187392K, used 64423K [0x0000000080000000, 0x0000000100000000)
  region size 1024K, 8 young (8192K), 8 survivors (8192K)
 Metaspace       used 75240K, committed 75904K, reserved 1179648K
  class space    used 10168K, committed 10496K, reserved 1048576K
}
Event: 8.654 GC heap before
{Heap before GC invocations=30 (full 0):
 garbage-first heap   total 187392K, used 65447K [0x0000000080000000, 0x0000000100000000)
  region size 1024K, 9 young (9216K), 8 survivors (8192K)
 Metaspace       used 75361K, committed 75968K, reserved 1179648K
  class space    used 10188K, committed 10496K, reserved 1048576K
}
Event: 8.659 GC heap after
{Heap after GC invocations=31 (full 0):
 garbage-first heap   total 187392K, used 65048K [0x0000000080000000, 0x0000000100000000)
  region size 1024K, 1 young (1024K), 1 survivors (1024K)
 Metaspace       used 75361K, committed 75968K, reserved 1179648K
  class space    used 10188K, committed 10496K, reserved 1048576K
}
Event: 9.481 GC heap before
{Heap before GC invocations=31 (full 0):
 garbage-first heap   total 187392K, used 145944K [0x0000000080000000, 0x0000000100000000)
  region size 1024K, 79 young (80896K), 1 survivors (1024K)
 Metaspace       used 80321K, committed 80896K, reserved 1179648K
  class space    used 10840K, committed 11136K, reserved 1048576K
}
Event: 9.485 GC heap after
{Heap after GC invocations=32 (full 0):
 garbage-first heap   total 187392K, used 68997K [0x0000000080000000, 0x0000000100000000)
  region size 1024K, 5 young (5120K), 5 survivors (5120K)
 Metaspace       used 80321K, committed 80896K, reserved 1179648K
  class space    used 10840K, committed 11136K, reserved 1048576K
}
Event: 10.394 GC heap before
{Heap before GC invocations=32 (full 0):
 garbage-first heap   total 187392K, used 146821K [0x0000000080000000, 0x0000000100000000)
  region size 1024K, 81 young (82944K), 5 survivors (5120K)
 Metaspace       used 86119K, committed 86720K, reserved 1179648K
  class space    used 11848K, committed 12160K, reserved 1048576K
}
Event: 10.400 GC heap after
{Heap after GC invocations=33 (full 0):
 garbage-first heap   total 187392K, used 72412K [0x0000000080000000, 0x0000000100000000)
  region size 1024K, 9 young (9216K), 9 survivors (9216K)
 Metaspace       used 86119K, committed 86720K, reserved 1179648K
  class space    used 11848K, committed 12160K, reserved 1048576K
}
Event: 11.131 GC heap before
{Heap before GC invocations=33 (full 0):
 garbage-first heap   total 187392K, used 149212K [0x0000000080000000, 0x0000000100000000)
  region size 1024K, 84 young (86016K), 9 survivors (9216K)
 Metaspace       used 92678K, committed 93440K, reserved 1179648K
  class space    used 12815K, committed 13184K, reserved 1048576K
}
Event: 11.139 GC heap after
{Heap after GC invocations=34 (full 0):
 garbage-first heap   total 187392K, used 76674K [0x0000000080000000, 0x0000000100000000)
  region size 1024K, 8 young (8192K), 8 survivors (8192K)
 Metaspace       used 92678K, committed 93440K, reserved 1179648K
  class space    used 12815K, committed 13184K, reserved 1048576K
}
Event: 11.943 GC heap before
{Heap before GC invocations=34 (full 0):
 garbage-first heap   total 187392K, used 155522K [0x0000000080000000, 0x0000000100000000)
  region size 1024K, 81 young (82944K), 8 survivors (8192K)
 Metaspace       used 97791K, committed 98560K, reserved 1179648K
  class space    used 13445K, committed 13824K, reserved 1048576K
}
Event: 11.955 GC heap after
{Heap after GC invocations=35 (full 0):
 garbage-first heap   total 187392K, used 85523K [0x0000000080000000, 0x0000000100000000)
  region size 1024K, 11 young (11264K), 11 survivors (11264K)
 Metaspace       used 97791K, committed 98560K, reserved 1179648K
  class space    used 13445K, committed 13824K, reserved 1048576K
}
Event: 12.262 GC heap before
{Heap before GC invocations=35 (full 0):
 garbage-first heap   total 187392K, used 147987K [0x0000000080000000, 0x0000000100000000)
  region size 1024K, 73 young (74752K), 11 survivors (11264K)
 Metaspace       used 97937K, committed 98688K, reserved 1179648K
  class space    used 13450K, committed 13824K, reserved 1048576K
}
Event: 12.274 GC heap after
{Heap after GC invocations=36 (full 0):
 garbage-first heap   total 187392K, used 88600K [0x0000000080000000, 0x0000000100000000)
  region size 1024K, 5 young (5120K), 5 survivors (5120K)
 Metaspace       used 97937K, committed 98688K, reserved 1179648K
  class space    used 13450K, committed 13824K, reserved 1048576K
}
Event: 12.593 GC heap before
{Heap before GC invocations=36 (full 0):
 garbage-first heap   total 187392K, used 150040K [0x0000000080000000, 0x0000000100000000)
  region size 1024K, 66 young (67584K), 5 survivors (5120K)
 Metaspace       used 98430K, committed 99136K, reserved 1179648K
  class space    used 13497K, committed 13824K, reserved 1048576K
}
Event: 12.598 GC heap after
{Heap after GC invocations=37 (full 0):
 garbage-first heap   total 187392K, used 90044K [0x0000000080000000, 0x0000000100000000)
  region size 1024K, 7 young (7168K), 7 survivors (7168K)
 Metaspace       used 98430K, committed 99136K, reserved 1179648K
  class space    used 13497K, committed 13824K, reserved 1048576K
}
Event: 13.339 GC heap before
{Heap before GC invocations=37 (full 0):
 garbage-first heap   total 187392K, used 149436K [0x0000000080000000, 0x0000000100000000)
  region size 1024K, 66 young (67584K), 7 survivors (7168K)
 Metaspace       used 102804K, committed 103616K, reserved 1179648K
  class space    used 14164K, committed 14592K, reserved 1048576K
}

