# JRE version: OpenJDK Runtime Environment (17.0.11) (build 17.0.11+0--11852314)
# Java VM: OpenJDK 64-Bit Server VM (17.0.11+0--11852314, mixed mode, tiered, compressed oops, compressed class ptrs, g1 gc, windows-amd64)
GC Precious Log:
 CPUs: 8 total, 8 available
 Memory: 7918M
 Large Page Support: Disabled
 NUMA Support: Disabled
 Compressed Oops: Enabled (32-bit)
 Heap Region Size: 1M
 Heap Min Capacity: 8M
 Heap Initial Capacity: 124M
 Heap Max Capacity: 2G
 Pre-touch: Disabled
 Parallel Workers: 8
 Concurrent Workers: 2
 Concurrent Refinement Workers: 8
 Periodic GC: Disabled
Heap:
 garbage-first heap   total 122880K, used 88640K [0x0000000080000000, 0x0000000100000000)
  region size 1024K, 28 young (28672K), 2 survivors (2048K)
 Metaspace       used 69762K, committed 70400K, reserved 1114112K
  class space    used 9415K, committed 9728K, reserved 1048576K
GC Heap History (20 events):
Event: 4.626 GC heap before
{Heap before GC invocations=12 (full 0):
 garbage-first heap   total 102400K, used 80438K [0x0000000080000000, 0x0000000100000000)
  region size 1024K, 49 young (50176K), 4 survivors (4096K)
 Metaspace       used 54192K, committed 54720K, reserved 1114112K
  class space    used 7443K, committed 7680K, reserved 1048576K
}
Event: 4.630 GC heap after
{Heap after GC invocations=13 (full 0):
 garbage-first heap   total 102400K, used 36085K [0x0000000080000000, 0x0000000100000000)
  region size 1024K, 5 young (5120K), 5 survivors (5120K)
 Metaspace       used 54192K, committed 54720K, reserved 1114112K
  class space    used 7443K, committed 7680K, reserved 1048576K
}
Event: 5.218 GC heap before
{Heap before GC invocations=13 (full 0):
 garbage-first heap   total 102400K, used 78069K [0x0000000080000000, 0x0000000100000000)
  region size 1024K, 47 young (48128K), 5 survivors (5120K)
 Metaspace       used 56365K, committed 56896K, reserved 1114112K
  class space    used 7733K, committed 8000K, reserved 1048576K
}
Event: 5.226 GC heap after
{Heap after GC invocations=14 (full 0):
 garbage-first heap   total 102400K, used 40532K [0x0000000080000000, 0x0000000100000000)
  region size 1024K, 6 young (6144K), 6 survivors (6144K)
 Metaspace       used 56365K, committed 56896K, reserved 1114112K
  class space    used 7733K, committed 8000K, reserved 1048576K
}
Event: 5.653 GC heap before
{Heap before GC invocations=14 (full 0):
 garbage-first heap   total 102400K, used 84564K [0x0000000080000000, 0x0000000100000000)
  region size 1024K, 44 young (45056K), 6 survivors (6144K)
 Metaspace       used 57667K, committed 58240K, reserved 1114112K
  class space    used 7933K, committed 8192K, reserved 1048576K
}
Event: 5.660 GC heap after
{Heap after GC invocations=15 (full 0):
 garbage-first heap   total 102400K, used 52846K [0x0000000080000000, 0x0000000100000000)
  region size 1024K, 6 young (6144K), 6 survivors (6144K)
 Metaspace       used 57667K, committed 58240K, reserved 1114112K
  class space    used 7933K, committed 8192K, reserved 1048576K
}
Event: 5.787 GC heap before
{Heap before GC invocations=15 (full 0):
 garbage-first heap   total 102400K, used 61038K [0x0000000080000000, 0x0000000100000000)
  region size 1024K, 16 young (16384K), 6 survivors (6144K)
 Metaspace       used 58299K, committed 58880K, reserved 1114112K
  class space    used 7992K, committed 8256K, reserved 1048576K
}
Event: 5.792 GC heap after
{Heap after GC invocations=16 (full 0):
 garbage-first heap   total 102400K, used 54528K [0x0000000080000000, 0x0000000100000000)
  region size 1024K, 1 young (1024K), 1 survivors (1024K)
 Metaspace       used 58299K, committed 58880K, reserved 1114112K
  class space    used 7992K, committed 8256K, reserved 1048576K
}
Event: 6.181 GC heap before
{Heap before GC invocations=17 (full 0):
 garbage-first heap   total 102400K, used 81152K [0x0000000080000000, 0x0000000100000000)
  region size 1024K, 26 young (26624K), 1 survivors (1024K)
 Metaspace       used 60287K, committed 60864K, reserved 1114112K
  class space    used 8274K, committed 8576K, reserved 1048576K
}
Event: 6.183 GC heap after
{Heap after GC invocations=18 (full 0):
 garbage-first heap   total 102400K, used 56154K [0x0000000080000000, 0x0000000100000000)
  region size 1024K, 2 young (2048K), 2 survivors (2048K)
 Metaspace       used 60287K, committed 60864K, reserved 1114112K
  class space    used 8274K, committed 8576K, reserved 1048576K
}
Event: 6.263 GC heap before
{Heap before GC invocations=18 (full 0):
 garbage-first heap   total 102400K, used 58202K [0x0000000080000000, 0x0000000100000000)
  region size 1024K, 5 young (5120K), 2 survivors (2048K)
 Metaspace       used 60592K, committed 61184K, reserved 1114112K
  class space    used 8300K, committed 8576K, reserved 1048576K
}
Event: 6.265 GC heap after
{Heap after GC invocations=19 (full 0):
 garbage-first heap   total 102400K, used 55448K [0x0000000080000000, 0x0000000100000000)
  region size 1024K, 1 young (1024K), 1 survivors (1024K)
 Metaspace       used 60592K, committed 61184K, reserved 1114112K
  class space    used 8300K, committed 8576K, reserved 1048576K
}
Event: 6.549 GC heap before
{Heap before GC invocations=19 (full 0):
 garbage-first heap   total 102400K, used 80024K [0x0000000080000000, 0x0000000100000000)
  region size 1024K, 26 young (26624K), 1 survivors (1024K)
 Metaspace       used 63406K, committed 63936K, reserved 1114112K
  class space    used 8593K, committed 8832K, reserved 1048576K
}
Event: 6.551 GC heap after
{Heap after GC invocations=20 (full 0):
 garbage-first heap   total 122880K, used 55825K [0x0000000080000000, 0x0000000100000000)
  region size 1024K, 1 young (1024K), 1 survivors (1024K)
 Metaspace       used 63406K, committed 63936K, reserved 1114112K
  class space    used 8593K, committed 8832K, reserved 1048576K
}
Event: 7.027 GC heap before
{Heap before GC invocations=21 (full 0):
 garbage-first heap   total 122880K, used 97809K [0x0000000080000000, 0x0000000100000000)
  region size 1024K, 42 young (43008K), 1 survivors (1024K)
 Metaspace       used 68048K, committed 68672K, reserved 1114112K
  class space    used 9193K, committed 9472K, reserved 1048576K
}
Event: 7.030 GC heap after
{Heap after GC invocations=22 (full 0):
 garbage-first heap   total 122880K, used 58500K [0x0000000080000000, 0x0000000100000000)
  region size 1024K, 4 young (4096K), 4 survivors (4096K)
 Metaspace       used 68048K, committed 68672K, reserved 1114112K
  class space    used 9193K, committed 9472K, reserved 1048576K
}
Event: 7.098 GC heap before
{Heap before GC invocations=22 (full 0):
 garbage-first heap   total 122880K, used 59524K [0x0000000080000000, 0x0000000100000000)
  region size 1024K, 6 young (6144K), 4 survivors (4096K)
 Metaspace       used 68600K, committed 69184K, reserved 1114112K
  class space    used 9252K, committed 9536K, reserved 1048576K
}
Event: 7.101 GC heap after
{Heap after GC invocations=23 (full 0):
 garbage-first heap   total 122880K, used 57805K [0x0000000080000000, 0x0000000100000000)
  region size 1024K, 1 young (1024K), 1 survivors (1024K)
 Metaspace       used 68600K, committed 69184K, reserved 1114112K
  class space    used 9252K, committed 9536K, reserved 1048576K
}
Event: 7.102 GC heap before
{Heap before GC invocations=23 (full 0):
 garbage-first heap   total 122880K, used 57805K [0x0000000080000000, 0x0000000100000000)
  region size 1024K, 2 young (2048K), 1 survivors (1024K)
 Metaspace       used 68600K, committed 69184K, reserved 1114112K
  class space    used 9252K, committed 9536K, reserved 1048576K
}
Event: 7.103 GC heap after
{Heap after GC invocations=24 (full 0):
 garbage-first heap   total 122880K, used 57920K [0x0000000080000000, 0x0000000100000000)
  region size 1024K, 2 young (2048K), 2 survivors (2048K)
 Metaspace       used 68600K, committed 69184K, reserved 1114112K
  class space    used 9252K, committed 9536K, reserved 1048576K
}

