# JRE version: OpenJDK Runtime Environment (17.0.11) (build 17.0.11+0--11852314)
# Java VM: OpenJDK 64-Bit Server VM (17.0.11+0--11852314, mixed mode, tiered, compressed oops, compressed class ptrs, g1 gc, windows-amd64)
GC Precious Log:
 CPUs: 8 total, 8 available
 Memory: 7918M
 Large Page Support: Disabled
 NUMA Support: Disabled
 Compressed Oops: Enabled (32-bit)
 Heap Region Size: 1M
 Heap Min Capacity: 8M
 Heap Initial Capacity: 124M
 Heap Max Capacity: 2G
 Pre-touch: Disabled
 Parallel Workers: 8
 Concurrent Workers: 2
 Concurrent Refinement Workers: 8
 Periodic GC: Disabled
Heap:
 garbage-first heap   total 330752K, used 127459K [0x0000000080000000, 0x0000000100000000)
  region size 1024K, 15 young (15360K), 15 survivors (15360K)
 Metaspace       used 137849K, committed 138880K, reserved 1179648K
  class space    used 18613K, committed 19136K, reserved 1048576K
GC Heap History (20 events):
Event: 51.807 GC heap after
{Heap after GC invocations=39 (full 0):
 garbage-first heap   total 330752K, used 108805K [0x0000000080000000, 0x0000000100000000)
  region size 1024K, 2 young (2048K), 2 survivors (2048K)
 Metaspace       used 133118K, committed 133824K, reserved 1179648K
  class space    used 18301K, committed 18624K, reserved 1048576K
}
Event: 88.472 GC heap before
{Heap before GC invocations=39 (full 0):
 garbage-first heap   total 330752K, used 276741K [0x0000000080000000, 0x0000000100000000)
  region size 1024K, 150 young (153600K), 2 survivors (2048K)
 Metaspace       used 135149K, committed 136128K, reserved 1179648K
  class space    used 18457K, committed 18944K, reserved 1048576K
}
Event: 88.506 GC heap after
{Heap after GC invocations=40 (full 0):
 garbage-first heap   total 330752K, used 118797K [0x0000000080000000, 0x0000000100000000)
  region size 1024K, 10 young (10240K), 10 survivors (10240K)
 Metaspace       used 135149K, committed 136128K, reserved 1179648K
  class space    used 18457K, committed 18944K, reserved 1048576K
}
Event: 437.413 GC heap before
{Heap before GC invocations=41 (full 0):
 garbage-first heap   total 330752K, used 260109K [0x0000000080000000, 0x0000000100000000)
  region size 1024K, 151 young (154624K), 10 survivors (10240K)
 Metaspace       used 136051K, committed 137088K, reserved 1179648K
  class space    used 18510K, committed 19008K, reserved 1048576K
}
Event: 437.476 GC heap after
{Heap after GC invocations=42 (full 0):
 garbage-first heap   total 330752K, used 121569K [0x0000000080000000, 0x0000000100000000)
  region size 1024K, 17 young (17408K), 17 survivors (17408K)
 Metaspace       used 136051K, committed 137088K, reserved 1179648K
  class space    used 18510K, committed 19008K, reserved 1048576K
}
Event: 437.523 GC heap before
{Heap before GC invocations=42 (full 0):
 garbage-first heap   total 330752K, used 122593K [0x0000000080000000, 0x0000000100000000)
  region size 1024K, 18 young (18432K), 17 survivors (17408K)
 Metaspace       used 136052K, committed 137088K, reserved 1179648K
  class space    used 18510K, committed 19008K, reserved 1048576K
}
Event: 437.577 GC heap after
{Heap after GC invocations=43 (full 0):
 garbage-first heap   total 330752K, used 118569K [0x0000000080000000, 0x0000000100000000)
  region size 1024K, 3 young (3072K), 3 survivors (3072K)
 Metaspace       used 136052K, committed 137088K, reserved 1179648K
  class space    used 18510K, committed 19008K, reserved 1048576K
}
Event: 437.610 GC heap before
{Heap before GC invocations=43 (full 0):
 garbage-first heap   total 330752K, used 119593K [0x0000000080000000, 0x0000000100000000)
  region size 1024K, 5 young (5120K), 3 survivors (3072K)
 Metaspace       used 136131K, committed 137152K, reserved 1179648K
  class space    used 18510K, committed 19008K, reserved 1048576K
}
Event: 437.631 GC heap after
{Heap after GC invocations=44 (full 0):
 garbage-first heap   total 330752K, used 118033K [0x0000000080000000, 0x0000000100000000)
  region size 1024K, 2 young (2048K), 2 survivors (2048K)
 Metaspace       used 136131K, committed 137152K, reserved 1179648K
  class space    used 18510K, committed 19008K, reserved 1048576K
}
Event: 465.491 GC heap before
{Heap before GC invocations=45 (full 0):
 garbage-first heap   total 330752K, used 214289K [0x0000000080000000, 0x0000000100000000)
  region size 1024K, 95 young (97280K), 2 survivors (2048K)
 Metaspace       used 136689K, committed 137728K, reserved 1179648K
  class space    used 18578K, committed 19072K, reserved 1048576K
}
Event: 465.509 GC heap after
{Heap after GC invocations=46 (full 0):
 garbage-first heap   total 330752K, used 129257K [0x0000000080000000, 0x0000000100000000)
  region size 1024K, 11 young (11264K), 11 survivors (11264K)
 Metaspace       used 136689K, committed 137728K, reserved 1179648K
  class space    used 18578K, committed 19072K, reserved 1048576K
}
Event: 465.549 GC heap before
{Heap before GC invocations=46 (full 0):
 garbage-first heap   total 330752K, used 134377K [0x0000000080000000, 0x0000000100000000)
  region size 1024K, 16 young (16384K), 11 survivors (11264K)
 Metaspace       used 136723K, committed 137728K, reserved 1179648K
  class space    used 18580K, committed 19072K, reserved 1048576K
}
Event: 465.568 GC heap after
{Heap after GC invocations=47 (full 0):
 garbage-first heap   total 330752K, used 118555K [0x0000000080000000, 0x0000000100000000)
  region size 1024K, 2 young (2048K), 2 survivors (2048K)
 Metaspace       used 136723K, committed 137728K, reserved 1179648K
  class space    used 18580K, committed 19072K, reserved 1048576K
}
Event: 465.838 GC heap before
{Heap before GC invocations=47 (full 0):
 garbage-first heap   total 330752K, used 148251K [0x0000000080000000, 0x0000000100000000)
  region size 1024K, 33 young (33792K), 2 survivors (2048K)
 Metaspace       used 136864K, committed 137920K, reserved 1179648K
  class space    used 18585K, committed 19136K, reserved 1048576K
}
Event: 465.843 GC heap after
{Heap after GC invocations=48 (full 0):
 garbage-first heap   total 330752K, used 123623K [0x0000000080000000, 0x0000000100000000)
  region size 1024K, 7 young (7168K), 7 survivors (7168K)
 Metaspace       used 136864K, committed 137920K, reserved 1179648K
  class space    used 18585K, committed 19136K, reserved 1048576K
}
Event: 836.006 GC heap before
{Heap before GC invocations=49 (full 0):
 garbage-first heap   total 330752K, used 241383K [0x0000000080000000, 0x0000000100000000)
  region size 1024K, 106 young (108544K), 7 survivors (7168K)
 Metaspace       used 137345K, committed 138432K, reserved 1179648K
  class space    used 18597K, committed 19136K, reserved 1048576K
}
Event: 836.090 GC heap after
{Heap after GC invocations=50 (full 0):
 garbage-first heap   total 330752K, used 124664K [0x0000000080000000, 0x0000000100000000)
  region size 1024K, 6 young (6144K), 6 survivors (6144K)
 Metaspace       used 137345K, committed 138432K, reserved 1179648K
  class space    used 18597K, committed 19136K, reserved 1048576K
}
Event: 836.743 GC heap before
{Heap before GC invocations=50 (full 0):
 garbage-first heap   total 330752K, used 133880K [0x0000000080000000, 0x0000000100000000)
  region size 1024K, 16 young (16384K), 6 survivors (6144K)
 Metaspace       used 137374K, committed 138432K, reserved 1179648K
  class space    used 18598K, committed 19136K, reserved 1048576K
}
Event: 836.853 GC heap after
{Heap after GC invocations=51 (full 0):
 garbage-first heap   total 330752K, used 114933K [0x0000000080000000, 0x0000000100000000)
  region size 1024K, 2 young (2048K), 2 survivors (2048K)
 Metaspace       used 137374K, committed 138432K, reserved 1179648K
  class space    used 18598K, committed 19136K, reserved 1048576K
}
Event: 980.362 GC heap before
{Heap before GC invocations=51 (full 0):
 garbage-first heap   total 330752K, used 231669K [0x0000000080000000, 0x0000000100000000)
  region size 1024K, 116 young (118784K), 2 survivors (2048K)
 Metaspace       used 137849K, committed 138880K, reserved 1179648K
  class space    used 18613K, committed 19136K, reserved 1048576K
}

