# JRE version: OpenJDK Runtime Environment (17.0.11) (build 17.0.11+0--11852314)
# Java VM: OpenJDK 64-Bit Server VM (17.0.11+0--11852314, mixed mode, tiered, compressed oops, compressed class ptrs, g1 gc, windows-amd64)
GC Precious Log:
 CPUs: 8 total, 8 available
 Memory: 7918M
 Large Page Support: Disabled
 NUMA Support: Disabled
 Compressed Oops: Enabled (32-bit)
 Heap Region Size: 1M
 Heap Min Capacity: 8M
 Heap Initial Capacity: 124M
 Heap Max Capacity: 2G
 Pre-touch: Disabled
 Parallel Workers: 8
 Concurrent Workers: 2
 Concurrent Refinement Workers: 8
 Periodic GC: Disabled
Heap:
 garbage-first heap   total 402432K, used 129178K [0x0000000080000000, 0x0000000100000000)
  region size 1024K, 8 young (8192K), 8 survivors (8192K)
 Metaspace       used 142545K, committed 143872K, reserved 1179648K
  class space    used 19071K, committed 19712K, reserved 1048576K
GC Heap History (20 events):
Event: 2395.118 GC heap after
{Heap after GC invocations=56 (full 0):
 garbage-first heap   total 382976K, used 133205K [0x0000000080000000, 0x0000000100000000)
  region size 1024K, 11 young (11264K), 11 survivors (11264K)
 Metaspace       used 141455K, committed 142784K, reserved 1179648K
  class space    used 19106K, committed 19712K, reserved 1048576K
}
Event: 2522.701 GC heap before
{Heap before GC invocations=57 (full 0):
 garbage-first heap   total 382976K, used 287829K [0x0000000080000000, 0x0000000100000000)
  region size 1024K, 146 young (149504K), 11 survivors (11264K)
 Metaspace       used 141579K, committed 142976K, reserved 1179648K
  class space    used 19050K, committed 19712K, reserved 1048576K
}
Event: 2522.811 GC heap after
{Heap after GC invocations=58 (full 0):
 garbage-first heap   total 382976K, used 135316K [0x0000000080000000, 0x0000000100000000)
  region size 1024K, 9 young (9216K), 9 survivors (9216K)
 Metaspace       used 141579K, committed 142976K, reserved 1179648K
  class space    used 19050K, committed 19712K, reserved 1048576K
}
Event: 2523.247 GC heap before
{Heap before GC invocations=58 (full 0):
 garbage-first heap   total 382976K, used 145556K [0x0000000080000000, 0x0000000100000000)
  region size 1024K, 18 young (18432K), 9 survivors (9216K)
 Metaspace       used 141614K, committed 142976K, reserved 1179648K
  class space    used 19050K, committed 19712K, reserved 1048576K
}
Event: 2523.404 GC heap after
{Heap after GC invocations=59 (full 0):
 garbage-first heap   total 382976K, used 127466K [0x0000000080000000, 0x0000000100000000)
  region size 1024K, 3 young (3072K), 3 survivors (3072K)
 Metaspace       used 141614K, committed 142976K, reserved 1179648K
  class space    used 19050K, committed 19712K, reserved 1048576K
}
Event: 2523.753 GC heap before
{Heap before GC invocations=59 (full 0):
 garbage-first heap   total 382976K, used 142826K [0x0000000080000000, 0x0000000100000000)
  region size 1024K, 18 young (18432K), 3 survivors (3072K)
 Metaspace       used 141616K, committed 142976K, reserved 1179648K
  class space    used 19050K, committed 19712K, reserved 1048576K
}
Event: 2523.829 GC heap after
{Heap after GC invocations=60 (full 0):
 garbage-first heap   total 382976K, used 128828K [0x0000000080000000, 0x0000000100000000)
  region size 1024K, 3 young (3072K), 3 survivors (3072K)
 Metaspace       used 141616K, committed 142976K, reserved 1179648K
  class space    used 19050K, committed 19712K, reserved 1048576K
}
Event: 2525.465 GC heap before
{Heap before GC invocations=60 (full 0):
 garbage-first heap   total 382976K, used 177980K [0x0000000080000000, 0x0000000100000000)
  region size 1024K, 52 young (53248K), 3 survivors (3072K)
 Metaspace       used 141955K, committed 143296K, reserved 1179648K
  class space    used 19055K, committed 19712K, reserved 1048576K
}
Event: 2525.517 GC heap after
{Heap after GC invocations=61 (full 0):
 garbage-first heap   total 382976K, used 133948K [0x0000000080000000, 0x0000000100000000)
  region size 1024K, 8 young (8192K), 8 survivors (8192K)
 Metaspace       used 141955K, committed 143296K, reserved 1179648K
  class space    used 19055K, committed 19712K, reserved 1048576K
}
Event: 2662.722 GC heap before
{Heap before GC invocations=62 (full 0):
 garbage-first heap   total 382976K, used 291644K [0x0000000080000000, 0x0000000100000000)
  region size 1024K, 149 young (152576K), 8 survivors (8192K)
 Metaspace       used 142156K, committed 143488K, reserved 1179648K
  class space    used 19056K, committed 19712K, reserved 1048576K
}
Event: 2662.807 GC heap after
{Heap after GC invocations=63 (full 0):
 garbage-first heap   total 382976K, used 138194K [0x0000000080000000, 0x0000000100000000)
  region size 1024K, 15 young (15360K), 15 survivors (15360K)
 Metaspace       used 142156K, committed 143488K, reserved 1179648K
  class space    used 19056K, committed 19712K, reserved 1048576K
}
Event: 2662.820 GC heap before
{Heap before GC invocations=63 (full 0):
 garbage-first heap   total 382976K, used 141266K [0x0000000080000000, 0x0000000100000000)
  region size 1024K, 18 young (18432K), 15 survivors (15360K)
 Metaspace       used 142160K, committed 143488K, reserved 1179648K
  class space    used 19056K, committed 19712K, reserved 1048576K
}
Event: 2662.924 GC heap after
{Heap after GC invocations=64 (full 0):
 garbage-first heap   total 382976K, used 129472K [0x0000000080000000, 0x0000000100000000)
  region size 1024K, 3 young (3072K), 3 survivors (3072K)
 Metaspace       used 142160K, committed 143488K, reserved 1179648K
  class space    used 19056K, committed 19712K, reserved 1048576K
}
Event: 2663.447 GC heap before
{Heap before GC invocations=64 (full 0):
 garbage-first heap   total 382976K, used 139712K [0x0000000080000000, 0x0000000100000000)
  region size 1024K, 14 young (14336K), 3 survivors (3072K)
 Metaspace       used 142180K, committed 143488K, reserved 1179648K
  class space    used 19056K, committed 19712K, reserved 1048576K
}
Event: 2663.519 GC heap after
{Heap after GC invocations=65 (full 0):
 garbage-first heap   total 382976K, used 130672K [0x0000000080000000, 0x0000000100000000)
  region size 1024K, 4 young (4096K), 4 survivors (4096K)
 Metaspace       used 142180K, committed 143488K, reserved 1179648K
  class space    used 19056K, committed 19712K, reserved 1048576K
}
Event: 2698.371 GC heap before
{Heap before GC invocations=66 (full 0):
 garbage-first heap   total 382976K, used 303728K [0x0000000080000000, 0x0000000100000000)
  region size 1024K, 157 young (160768K), 4 survivors (4096K)
 Metaspace       used 142451K, committed 143808K, reserved 1179648K
  class space    used 19065K, committed 19712K, reserved 1048576K
}
Event: 2698.409 GC heap after
{Heap after GC invocations=67 (full 0):
 garbage-first heap   total 382976K, used 144274K [0x0000000080000000, 0x0000000100000000)
  region size 1024K, 15 young (15360K), 15 survivors (15360K)
 Metaspace       used 142451K, committed 143808K, reserved 1179648K
  class space    used 19065K, committed 19712K, reserved 1048576K
}
Event: 2698.450 GC heap before
{Heap before GC invocations=67 (full 0):
 garbage-first heap   total 382976K, used 147346K [0x0000000080000000, 0x0000000100000000)
  region size 1024K, 18 young (18432K), 15 survivors (15360K)
 Metaspace       used 142460K, committed 143808K, reserved 1179648K
  class space    used 19065K, committed 19712K, reserved 1048576K
}
Event: 2698.524 GC heap after
{Heap after GC invocations=68 (full 0):
 garbage-first heap   total 382976K, used 123303K [0x0000000080000000, 0x0000000100000000)
  region size 1024K, 2 young (2048K), 2 survivors (2048K)
 Metaspace       used 142460K, committed 143808K, reserved 1179648K
  class space    used 19065K, committed 19712K, reserved 1048576K
}
Event: 2699.089 GC heap before
{Heap before GC invocations=68 (full 0):
 garbage-first heap   total 382976K, used 170407K [0x0000000080000000, 0x0000000100000000)
  region size 1024K, 50 young (51200K), 2 survivors (2048K)
 Metaspace       used 142545K, committed 143872K, reserved 1179648K
  class space    used 19071K, committed 19712K, reserved 1048576K
}

