# JRE version: OpenJDK Runtime Environment (17.0.11) (build 17.0.11+0--11852314)
# Java VM: OpenJDK 64-Bit Server VM (17.0.11+0--11852314, mixed mode, tiered, compressed oops, compressed class ptrs, g1 gc, windows-amd64)
GC Precious Log:
 CPUs: 8 total, 8 available
 Memory: 7918M
 Large Page Support: Disabled
 NUMA Support: Disabled
 Compressed Oops: Enabled (32-bit)
 Heap Region Size: 1M
 Heap Min Capacity: 8M
 Heap Initial Capacity: 124M
 Heap Max Capacity: 2G
 Pre-touch: Disabled
 Parallel Workers: 8
 Concurrent Workers: 2
 Concurrent Refinement Workers: 8
 Periodic GC: Disabled
Heap:
 garbage-first heap   total 124928K, used 57552K [0x0000000080000000, 0x0000000100000000)
  region size 1024K, 5 young (5120K), 2 survivors (2048K)
 Metaspace       used 66752K, committed 67392K, reserved 1114112K
  class space    used 9029K, committed 9344K, reserved 1048576K
GC Heap History (20 events):
Event: 3.249 GC heap before
{Heap before GC invocations=10 (full 0):
 garbage-first heap   total 86016K, used 65534K [0x0000000080000000, 0x0000000100000000)
  region size 1024K, 42 young (43008K), 6 survivors (6144K)
 Metaspace       used 44764K, committed 45184K, reserved 1114112K
  class space    used 6024K, committed 6208K, reserved 1048576K
}
Event: 3.255 GC heap after
{Heap after GC invocations=11 (full 0):
 garbage-first heap   total 86016K, used 30665K [0x0000000080000000, 0x0000000100000000)
  region size 1024K, 3 young (3072K), 3 survivors (3072K)
 Metaspace       used 44764K, committed 45184K, reserved 1114112K
  class space    used 6024K, committed 6208K, reserved 1048576K
}
Event: 3.601 GC heap before
{Heap before GC invocations=11 (full 0):
 garbage-first heap   total 86016K, used 65481K [0x0000000080000000, 0x0000000100000000)
  region size 1024K, 37 young (37888K), 3 survivors (3072K)
 Metaspace       used 49469K, committed 49920K, reserved 1114112K
  class space    used 6781K, committed 6976K, reserved 1048576K
}
Event: 3.605 GC heap after
{Heap after GC invocations=12 (full 0):
 garbage-first heap   total 86016K, used 32225K [0x0000000080000000, 0x0000000100000000)
  region size 1024K, 5 young (5120K), 5 survivors (5120K)
 Metaspace       used 49469K, committed 49920K, reserved 1114112K
  class space    used 6781K, committed 6976K, reserved 1048576K
}
Event: 3.992 GC heap before
{Heap before GC invocations=12 (full 0):
 garbage-first heap   total 86016K, used 67041K [0x0000000080000000, 0x0000000100000000)
  region size 1024K, 38 young (38912K), 5 survivors (5120K)
 Metaspace       used 53832K, committed 54272K, reserved 1114112K
  class space    used 7385K, committed 7616K, reserved 1048576K
}
Event: 3.997 GC heap after
{Heap after GC invocations=13 (full 0):
 garbage-first heap   total 86016K, used 34301K [0x0000000080000000, 0x0000000100000000)
  region size 1024K, 4 young (4096K), 4 survivors (4096K)
 Metaspace       used 53832K, committed 54272K, reserved 1114112K
  class space    used 7385K, committed 7616K, reserved 1048576K
}
Event: 4.409 GC heap before
{Heap before GC invocations=13 (full 0):
 garbage-first heap   total 86016K, used 67069K [0x0000000080000000, 0x0000000100000000)
  region size 1024K, 36 young (36864K), 4 survivors (4096K)
 Metaspace       used 56222K, committed 56768K, reserved 1114112K
  class space    used 7726K, committed 8000K, reserved 1048576K
}
Event: 4.416 GC heap after
{Heap after GC invocations=14 (full 0):
 garbage-first heap   total 103424K, used 38646K [0x0000000080000000, 0x0000000100000000)
  region size 1024K, 5 young (5120K), 5 survivors (5120K)
 Metaspace       used 56222K, committed 56768K, reserved 1114112K
  class space    used 7726K, committed 8000K, reserved 1048576K
}
Event: 4.772 GC heap before
{Heap before GC invocations=14 (full 0):
 garbage-first heap   total 103424K, used 81654K [0x0000000080000000, 0x0000000100000000)
  region size 1024K, 44 young (45056K), 5 survivors (5120K)
 Metaspace       used 57096K, committed 57600K, reserved 1114112K
  class space    used 7827K, committed 8064K, reserved 1048576K
}
Event: 4.778 GC heap after
{Heap after GC invocations=15 (full 0):
 garbage-first heap   total 103424K, used 46109K [0x0000000080000000, 0x0000000100000000)
  region size 1024K, 6 young (6144K), 6 survivors (6144K)
 Metaspace       used 57096K, committed 57600K, reserved 1114112K
  class space    used 7827K, committed 8064K, reserved 1048576K
}
Event: 5.143 GC heap before
{Heap before GC invocations=15 (full 0):
 garbage-first heap   total 103424K, used 81949K [0x0000000080000000, 0x0000000100000000)
  region size 1024K, 38 young (38912K), 6 survivors (6144K)
 Metaspace       used 59246K, committed 59840K, reserved 1114112K
  class space    used 8104K, committed 8384K, reserved 1048576K
}
Event: 5.147 GC heap after
{Heap after GC invocations=16 (full 0):
 garbage-first heap   total 103424K, used 53588K [0x0000000080000000, 0x0000000100000000)
  region size 1024K, 5 young (5120K), 5 survivors (5120K)
 Metaspace       used 59246K, committed 59840K, reserved 1114112K
  class space    used 8104K, committed 8384K, reserved 1048576K
}
Event: 5.248 GC heap before
{Heap before GC invocations=16 (full 0):
 garbage-first heap   total 103424K, used 62804K [0x0000000080000000, 0x0000000100000000)
  region size 1024K, 15 young (15360K), 5 survivors (5120K)
 Metaspace       used 60050K, committed 60608K, reserved 1114112K
  class space    used 8225K, committed 8512K, reserved 1048576K
}
Event: 5.251 GC heap after
{Heap after GC invocations=17 (full 0):
 garbage-first heap   total 103424K, used 53966K [0x0000000080000000, 0x0000000100000000)
  region size 1024K, 1 young (1024K), 1 survivors (1024K)
 Metaspace       used 60050K, committed 60608K, reserved 1114112K
  class space    used 8225K, committed 8512K, reserved 1048576K
}
Event: 5.545 GC heap before
{Heap before GC invocations=18 (full 0):
 garbage-first heap   total 103424K, used 81614K [0x0000000080000000, 0x0000000100000000)
  region size 1024K, 29 young (29696K), 1 survivors (1024K)
 Metaspace       used 62983K, committed 63616K, reserved 1114112K
  class space    used 8550K, committed 8832K, reserved 1048576K
}
Event: 5.547 GC heap after
{Heap after GC invocations=19 (full 0):
 garbage-first heap   total 103424K, used 54474K [0x0000000080000000, 0x0000000100000000)
  region size 1024K, 1 young (1024K), 1 survivors (1024K)
 Metaspace       used 62983K, committed 63616K, reserved 1114112K
  class space    used 8550K, committed 8832K, reserved 1048576K
}
Event: 5.579 GC heap before
{Heap before GC invocations=19 (full 0):
 garbage-first heap   total 103424K, used 58570K [0x0000000080000000, 0x0000000100000000)
  region size 1024K, 5 young (5120K), 1 survivors (1024K)
 Metaspace       used 63385K, committed 63936K, reserved 1114112K
  class space    used 8587K, committed 8832K, reserved 1048576K
}
Event: 5.581 GC heap after
{Heap after GC invocations=20 (full 0):
 garbage-first heap   total 103424K, used 54549K [0x0000000080000000, 0x0000000100000000)
  region size 1024K, 1 young (1024K), 1 survivors (1024K)
 Metaspace       used 63385K, committed 63936K, reserved 1114112K
  class space    used 8587K, committed 8832K, reserved 1048576K
}
Event: 5.890 GC heap before
{Heap before GC invocations=20 (full 0):
 garbage-first heap   total 103424K, used 83221K [0x0000000080000000, 0x0000000100000000)
  region size 1024K, 29 young (29696K), 1 survivors (1024K)
 Metaspace       used 66464K, committed 67072K, reserved 1114112K
  class space    used 8977K, committed 9280K, reserved 1048576K
}
Event: 5.893 GC heap after
{Heap after GC invocations=21 (full 0):
 garbage-first heap   total 124928K, used 55504K [0x0000000080000000, 0x0000000100000000)
  region size 1024K, 2 young (2048K), 2 survivors (2048K)
 Metaspace       used 66464K, committed 67072K, reserved 1114112K
  class space    used 8977K, committed 9280K, reserved 1048576K
}

